The system is: Linux - 3.5.7-gentoo - x86_64
Compiling the C compiler identification source file "CMakeCCompilerId.c" succeeded.
Compiler: /usr/lib/ccache/bin/gcc 
Build flags: 
Id flags: 

The output was:
0


Compilation of the C compiler identification source "CMakeCCompilerId.c" produced "a.out"

The C compiler identification is GNU, found in "/home/dimrok/pers/sg/CMakeFiles/CompilerIdC/a.out"

Compiling the CXX compiler identification source file "CMakeCXXCompilerId.cpp" succeeded.
Compiler: /usr/lib/ccache/bin/c++ 
Build flags: 
Id flags: 

The output was:
0


Compilation of the CXX compiler identification source "CMakeCXXCompilerId.cpp" produced "a.out"

The CXX compiler identification is GNU, found in "/home/dimrok/pers/sg/CMakeFiles/CompilerIdCXX/a.out"

Determining if the C compiler works passed with the following output:
Change Dir: /home/dimrok/pers/sg/CMakeFiles/CMakeTmp

Run Build Command:/usr/bin/gmake "cmTryCompileExec1001669140/fast"
/usr/bin/gmake -f CMakeFiles/cmTryCompileExec1001669140.dir/build.make CMakeFiles/cmTryCompileExec1001669140.dir/build
gmake[1]: Entering directory `/home/dimrok/pers/sg/CMakeFiles/CMakeTmp'
/usr/bin/cmake -E cmake_progress_report /home/dimrok/pers/sg/CMakeFiles/CMakeTmp/CMakeFiles 1
Building C object CMakeFiles/cmTryCompileExec1001669140.dir/testCCompiler.c.o
/usr/lib/ccache/bin/gcc    -o CMakeFiles/cmTryCompileExec1001669140.dir/testCCompiler.c.o   -c /home/dimrok/pers/sg/CMakeFiles/CMakeTmp/testCCompiler.c
Linking C executable cmTryCompileExec1001669140
/usr/bin/cmake -E cmake_link_script CMakeFiles/cmTryCompileExec1001669140.dir/link.txt --verbose=1
/usr/lib/ccache/bin/gcc         CMakeFiles/cmTryCompileExec1001669140.dir/testCCompiler.c.o  -o cmTryCompileExec1001669140 -rdynamic 
gmake[1]: Leaving directory `/home/dimrok/pers/sg/CMakeFiles/CMakeTmp'


Detecting C compiler ABI info compiled with the following output:
Change Dir: /home/dimrok/pers/sg/CMakeFiles/CMakeTmp

Run Build Command:/usr/bin/gmake "cmTryCompileExec4160327399/fast"
/usr/bin/gmake -f CMakeFiles/cmTryCompileExec4160327399.dir/build.make CMakeFiles/cmTryCompileExec4160327399.dir/build
gmake[1]: Entering directory `/home/dimrok/pers/sg/CMakeFiles/CMakeTmp'
/usr/bin/cmake -E cmake_progress_report /home/dimrok/pers/sg/CMakeFiles/CMakeTmp/CMakeFiles 1
Building C object CMakeFiles/cmTryCompileExec4160327399.dir/CMakeCCompilerABI.c.o
/usr/lib/ccache/bin/gcc    -o CMakeFiles/cmTryCompileExec4160327399.dir/CMakeCCompilerABI.c.o   -c /usr/share/cmake/Modules/CMakeCCompilerABI.c
Linking C executable cmTryCompileExec4160327399
/usr/bin/cmake -E cmake_link_script CMakeFiles/cmTryCompileExec4160327399.dir/link.txt --verbose=1
/usr/lib/ccache/bin/gcc       -v CMakeFiles/cmTryCompileExec4160327399.dir/CMakeCCompilerABI.c.o  -o cmTryCompileExec4160327399 -rdynamic  
Using built-in specs.
COLLECT_GCC=/usr/x86_64-pc-linux-gnu/gcc-bin/4.7.2/gcc
COLLECT_LTO_WRAPPER=/usr/libexec/gcc/x86_64-pc-linux-gnu/4.7.2/lto-wrapper
Target: x86_64-pc-linux-gnu
Configured with: /var/tmp/portage/sys-devel/gcc-4.7.2/work/gcc-4.7.2/configure --prefix=/usr --bindir=/usr/x86_64-pc-linux-gnu/gcc-bin/4.7.2 --includedir=/usr/lib/gcc/x86_64-pc-linux-gnu/4.7.2/include --datadir=/usr/share/gcc-data/x86_64-pc-linux-gnu/4.7.2 --mandir=/usr/share/gcc-data/x86_64-pc-linux-gnu/4.7.2/man --infodir=/usr/share/gcc-data/x86_64-pc-linux-gnu/4.7.2/info --with-gxx-include-dir=/usr/lib/gcc/x86_64-pc-linux-gnu/4.7.2/include/g++-v4 --host=x86_64-pc-linux-gnu --build=x86_64-pc-linux-gnu --disable-altivec --disable-fixed-point --without-ppl --without-cloog --enable-lto --enable-nls --without-included-gettext --with-system-zlib --enable-obsolete --disable-werror --enable-secureplt --enable-multilib --with-multilib-list=m32,m64 --enable-libmudflap --disable-libssp --enable-libgomp --with-python-dir=/share/gcc-data/x86_64-pc-linux-gnu/4.7.2/python --enable-checking=release --disable-libgcj --enable-languages=c,c++,fortran --enable-shared --enable-threads=posix --enable-__cxa_atexit --enable-clocale=gnu --enable-targets=all --with-bugurl=http://bugs.gentoo.org/ --with-pkgversion='Gentoo 4.7.2 p1.3, pie-0.5.5'
Thread model: posix
gcc version 4.7.2 (Gentoo 4.7.2 p1.3, pie-0.5.5) 
COMPILER_PATH=/usr/libexec/gcc/x86_64-pc-linux-gnu/4.7.2/:/usr/libexec/gcc/x86_64-pc-linux-gnu/4.7.2/:/usr/libexec/gcc/x86_64-pc-linux-gnu/:/usr/lib/gcc/x86_64-pc-linux-gnu/4.7.2/:/usr/lib/gcc/x86_64-pc-linux-gnu/:/usr/lib/gcc/x86_64-pc-linux-gnu/4.7.2/../../../../x86_64-pc-linux-gnu/bin/
LIBRARY_PATH=/usr/lib/gcc/x86_64-pc-linux-gnu/4.7.2/:/usr/lib/gcc/x86_64-pc-linux-gnu/4.7.2/../../../../lib64/:/lib/../lib64/:/usr/lib/../lib64/:/usr/lib/gcc/x86_64-pc-linux-gnu/4.7.2/../../../../x86_64-pc-linux-gnu/lib/:/usr/lib/gcc/x86_64-pc-linux-gnu/4.7.2/../../../:/lib/:/usr/lib/
COLLECT_GCC_OPTIONS='-v' '-o' 'cmTryCompileExec4160327399' '-rdynamic' '-mtune=generic' '-march=x86-64'
 /usr/libexec/gcc/x86_64-pc-linux-gnu/4.7.2/collect2 --eh-frame-hdr -m elf_x86_64 -export-dynamic -dynamic-linker /lib64/ld-linux-x86-64.so.2 -o cmTryCompileExec4160327399 /usr/lib/gcc/x86_64-pc-linux-gnu/4.7.2/../../../../lib64/crt1.o /usr/lib/gcc/x86_64-pc-linux-gnu/4.7.2/../../../../lib64/crti.o /usr/lib/gcc/x86_64-pc-linux-gnu/4.7.2/crtbegin.o -L/usr/lib/gcc/x86_64-pc-linux-gnu/4.7.2 -L/usr/lib/gcc/x86_64-pc-linux-gnu/4.7.2/../../../../lib64 -L/lib/../lib64 -L/usr/lib/../lib64 -L/usr/lib/gcc/x86_64-pc-linux-gnu/4.7.2/../../../../x86_64-pc-linux-gnu/lib -L/usr/lib/gcc/x86_64-pc-linux-gnu/4.7.2/../../.. CMakeFiles/cmTryCompileExec4160327399.dir/CMakeCCompilerABI.c.o -lgcc --as-needed -lgcc_s --no-as-needed -lc -lgcc --as-needed -lgcc_s --no-as-needed /usr/lib/gcc/x86_64-pc-linux-gnu/4.7.2/crtend.o /usr/lib/gcc/x86_64-pc-linux-gnu/4.7.2/../../../../lib64/crtn.o
gmake[1]: Leaving directory `/home/dimrok/pers/sg/CMakeFiles/CMakeTmp'


Parsed C implicit link information from above output:
  link line regex: [^( *|.*[/\])(ld|ld|collect2)[^/\]*( |$)]
  ignore line: [Change Dir: /home/dimrok/pers/sg/CMakeFiles/CMakeTmp]
  ignore line: []
  ignore line: [Run Build Command:/usr/bin/gmake "cmTryCompileExec4160327399/fast"]
  ignore line: [/usr/bin/gmake -f CMakeFiles/cmTryCompileExec4160327399.dir/build.make CMakeFiles/cmTryCompileExec4160327399.dir/build]
  ignore line: [gmake[1]: Entering directory `/home/dimrok/pers/sg/CMakeFiles/CMakeTmp']
  ignore line: [/usr/bin/cmake -E cmake_progress_report /home/dimrok/pers/sg/CMakeFiles/CMakeTmp/CMakeFiles 1]
  ignore line: [Building C object CMakeFiles/cmTryCompileExec4160327399.dir/CMakeCCompilerABI.c.o]
  ignore line: [/usr/lib/ccache/bin/gcc    -o CMakeFiles/cmTryCompileExec4160327399.dir/CMakeCCompilerABI.c.o   -c /usr/share/cmake/Modules/CMakeCCompilerABI.c]
  ignore line: [Linking C executable cmTryCompileExec4160327399]
  ignore line: [/usr/bin/cmake -E cmake_link_script CMakeFiles/cmTryCompileExec4160327399.dir/link.txt --verbose=1]
  ignore line: [/usr/lib/ccache/bin/gcc       -v CMakeFiles/cmTryCompileExec4160327399.dir/CMakeCCompilerABI.c.o  -o cmTryCompileExec4160327399 -rdynamic  ]
  ignore line: [Using built-in specs.]
  ignore line: [COLLECT_GCC=/usr/x86_64-pc-linux-gnu/gcc-bin/4.7.2/gcc]
  ignore line: [COLLECT_LTO_WRAPPER=/usr/libexec/gcc/x86_64-pc-linux-gnu/4.7.2/lto-wrapper]
  ignore line: [Target: x86_64-pc-linux-gnu]
  ignore line: [Configured with: /var/tmp/portage/sys-devel/gcc-4.7.2/work/gcc-4.7.2/configure --prefix=/usr --bindir=/usr/x86_64-pc-linux-gnu/gcc-bin/4.7.2 --includedir=/usr/lib/gcc/x86_64-pc-linux-gnu/4.7.2/include --datadir=/usr/share/gcc-data/x86_64-pc-linux-gnu/4.7.2 --mandir=/usr/share/gcc-data/x86_64-pc-linux-gnu/4.7.2/man --infodir=/usr/share/gcc-data/x86_64-pc-linux-gnu/4.7.2/info --with-gxx-include-dir=/usr/lib/gcc/x86_64-pc-linux-gnu/4.7.2/include/g++-v4 --host=x86_64-pc-linux-gnu --build=x86_64-pc-linux-gnu --disable-altivec --disable-fixed-point --without-ppl --without-cloog --enable-lto --enable-nls --without-included-gettext --with-system-zlib --enable-obsolete --disable-werror --enable-secureplt --enable-multilib --with-multilib-list=m32,m64 --enable-libmudflap --disable-libssp --enable-libgomp --with-python-dir=/share/gcc-data/x86_64-pc-linux-gnu/4.7.2/python --enable-checking=release --disable-libgcj --enable-languages=c,c++,fortran --enable-shared --enable-threads=posix --enable-__cxa_atexit --enable-clocale=gnu --enable-targets=all --with-bugurl=http://bugs.gentoo.org/ --with-pkgversion='Gentoo 4.7.2 p1.3, pie-0.5.5']
  ignore line: [Thread model: posix]
  ignore line: [gcc version 4.7.2 (Gentoo 4.7.2 p1.3, pie-0.5.5) ]
  ignore line: [COMPILER_PATH=/usr/libexec/gcc/x86_64-pc-linux-gnu/4.7.2/:/usr/libexec/gcc/x86_64-pc-linux-gnu/4.7.2/:/usr/libexec/gcc/x86_64-pc-linux-gnu/:/usr/lib/gcc/x86_64-pc-linux-gnu/4.7.2/:/usr/lib/gcc/x86_64-pc-linux-gnu/:/usr/lib/gcc/x86_64-pc-linux-gnu/4.7.2/../../../../x86_64-pc-linux-gnu/bin/]
  ignore line: [LIBRARY_PATH=/usr/lib/gcc/x86_64-pc-linux-gnu/4.7.2/:/usr/lib/gcc/x86_64-pc-linux-gnu/4.7.2/../../../../lib64/:/lib/../lib64/:/usr/lib/../lib64/:/usr/lib/gcc/x86_64-pc-linux-gnu/4.7.2/../../../../x86_64-pc-linux-gnu/lib/:/usr/lib/gcc/x86_64-pc-linux-gnu/4.7.2/../../../:/lib/:/usr/lib/]
  ignore line: [COLLECT_GCC_OPTIONS='-v' '-o' 'cmTryCompileExec4160327399' '-rdynamic' '-mtune=generic' '-march=x86-64']
  link line: [ /usr/libexec/gcc/x86_64-pc-linux-gnu/4.7.2/collect2 --eh-frame-hdr -m elf_x86_64 -export-dynamic -dynamic-linker /lib64/ld-linux-x86-64.so.2 -o cmTryCompileExec4160327399 /usr/lib/gcc/x86_64-pc-linux-gnu/4.7.2/../../../../lib64/crt1.o /usr/lib/gcc/x86_64-pc-linux-gnu/4.7.2/../../../../lib64/crti.o /usr/lib/gcc/x86_64-pc-linux-gnu/4.7.2/crtbegin.o -L/usr/lib/gcc/x86_64-pc-linux-gnu/4.7.2 -L/usr/lib/gcc/x86_64-pc-linux-gnu/4.7.2/../../../../lib64 -L/lib/../lib64 -L/usr/lib/../lib64 -L/usr/lib/gcc/x86_64-pc-linux-gnu/4.7.2/../../../../x86_64-pc-linux-gnu/lib -L/usr/lib/gcc/x86_64-pc-linux-gnu/4.7.2/../../.. CMakeFiles/cmTryCompileExec4160327399.dir/CMakeCCompilerABI.c.o -lgcc --as-needed -lgcc_s --no-as-needed -lc -lgcc --as-needed -lgcc_s --no-as-needed /usr/lib/gcc/x86_64-pc-linux-gnu/4.7.2/crtend.o /usr/lib/gcc/x86_64-pc-linux-gnu/4.7.2/../../../../lib64/crtn.o]
    arg [/usr/libexec/gcc/x86_64-pc-linux-gnu/4.7.2/collect2] ==> ignore
    arg [--eh-frame-hdr] ==> ignore
    arg [-m] ==> ignore
    arg [elf_x86_64] ==> ignore
    arg [-export-dynamic] ==> ignore
    arg [-dynamic-linker] ==> ignore
    arg [/lib64/ld-linux-x86-64.so.2] ==> ignore
    arg [-o] ==> ignore
    arg [cmTryCompileExec4160327399] ==> ignore
    arg [/usr/lib/gcc/x86_64-pc-linux-gnu/4.7.2/../../../../lib64/crt1.o] ==> ignore
    arg [/usr/lib/gcc/x86_64-pc-linux-gnu/4.7.2/../../../../lib64/crti.o] ==> ignore
    arg [/usr/lib/gcc/x86_64-pc-linux-gnu/4.7.2/crtbegin.o] ==> ignore
    arg [-L/usr/lib/gcc/x86_64-pc-linux-gnu/4.7.2] ==> dir [/usr/lib/gcc/x86_64-pc-linux-gnu/4.7.2]
    arg [-L/usr/lib/gcc/x86_64-pc-linux-gnu/4.7.2/../../../../lib64] ==> dir [/usr/lib/gcc/x86_64-pc-linux-gnu/4.7.2/../../../../lib64]
    arg [-L/lib/../lib64] ==> dir [/lib/../lib64]
    arg [-L/usr/lib/../lib64] ==> dir [/usr/lib/../lib64]
    arg [-L/usr/lib/gcc/x86_64-pc-linux-gnu/4.7.2/../../../../x86_64-pc-linux-gnu/lib] ==> dir [/usr/lib/gcc/x86_64-pc-linux-gnu/4.7.2/../../../../x86_64-pc-linux-gnu/lib]
    arg [-L/usr/lib/gcc/x86_64-pc-linux-gnu/4.7.2/../../..] ==> dir [/usr/lib/gcc/x86_64-pc-linux-gnu/4.7.2/../../..]
    arg [CMakeFiles/cmTryCompileExec4160327399.dir/CMakeCCompilerABI.c.o] ==> ignore
    arg [-lgcc] ==> lib [gcc]
    arg [--as-needed] ==> ignore
    arg [-lgcc_s] ==> lib [gcc_s]
    arg [--no-as-needed] ==> ignore
    arg [-lc] ==> lib [c]
    arg [-lgcc] ==> lib [gcc]
    arg [--as-needed] ==> ignore
    arg [-lgcc_s] ==> lib [gcc_s]
    arg [--no-as-needed] ==> ignore
    arg [/usr/lib/gcc/x86_64-pc-linux-gnu/4.7.2/crtend.o] ==> ignore
    arg [/usr/lib/gcc/x86_64-pc-linux-gnu/4.7.2/../../../../lib64/crtn.o] ==> ignore
  remove lib [gcc]
  remove lib [gcc_s]
  remove lib [gcc]
  remove lib [gcc_s]
  collapse dir [/usr/lib/gcc/x86_64-pc-linux-gnu/4.7.2] ==> [/usr/lib/gcc/x86_64-pc-linux-gnu/4.7.2]
  collapse dir [/usr/lib/gcc/x86_64-pc-linux-gnu/4.7.2/../../../../lib64] ==> [/usr/lib64]
  collapse dir [/lib/../lib64] ==> [/lib64]
  collapse dir [/usr/lib/../lib64] ==> [/usr/lib64]
  collapse dir [/usr/lib/gcc/x86_64-pc-linux-gnu/4.7.2/../../../../x86_64-pc-linux-gnu/lib] ==> [/usr/x86_64-pc-linux-gnu/lib]
  collapse dir [/usr/lib/gcc/x86_64-pc-linux-gnu/4.7.2/../../..] ==> [/usr/lib]
  implicit libs: [c]
  implicit dirs: [/usr/lib/gcc/x86_64-pc-linux-gnu/4.7.2;/usr/lib64;/lib64;/usr/x86_64-pc-linux-gnu/lib;/usr/lib]


Determining if the CXX compiler works passed with the following output:
Change Dir: /home/dimrok/pers/sg/CMakeFiles/CMakeTmp

Run Build Command:/usr/bin/gmake "cmTryCompileExec492364941/fast"
/usr/bin/gmake -f CMakeFiles/cmTryCompileExec492364941.dir/build.make CMakeFiles/cmTryCompileExec492364941.dir/build
gmake[1]: Entering directory `/home/dimrok/pers/sg/CMakeFiles/CMakeTmp'
/usr/bin/cmake -E cmake_progress_report /home/dimrok/pers/sg/CMakeFiles/CMakeTmp/CMakeFiles 1
Building CXX object CMakeFiles/cmTryCompileExec492364941.dir/testCXXCompiler.cxx.o
/usr/lib/ccache/bin/c++     -o CMakeFiles/cmTryCompileExec492364941.dir/testCXXCompiler.cxx.o -c /home/dimrok/pers/sg/CMakeFiles/CMakeTmp/testCXXCompiler.cxx
Linking CXX executable cmTryCompileExec492364941
/usr/bin/cmake -E cmake_link_script CMakeFiles/cmTryCompileExec492364941.dir/link.txt --verbose=1
/usr/lib/ccache/bin/c++          CMakeFiles/cmTryCompileExec492364941.dir/testCXXCompiler.cxx.o  -o cmTryCompileExec492364941 -rdynamic 
gmake[1]: Leaving directory `/home/dimrok/pers/sg/CMakeFiles/CMakeTmp'


Detecting CXX compiler ABI info compiled with the following output:
Change Dir: /home/dimrok/pers/sg/CMakeFiles/CMakeTmp

Run Build Command:/usr/bin/gmake "cmTryCompileExec2118539627/fast"
/usr/bin/gmake -f CMakeFiles/cmTryCompileExec2118539627.dir/build.make CMakeFiles/cmTryCompileExec2118539627.dir/build
gmake[1]: Entering directory `/home/dimrok/pers/sg/CMakeFiles/CMakeTmp'
/usr/bin/cmake -E cmake_progress_report /home/dimrok/pers/sg/CMakeFiles/CMakeTmp/CMakeFiles 1
Building CXX object CMakeFiles/cmTryCompileExec2118539627.dir/CMakeCXXCompilerABI.cpp.o
/usr/lib/ccache/bin/c++     -o CMakeFiles/cmTryCompileExec2118539627.dir/CMakeCXXCompilerABI.cpp.o -c /usr/share/cmake/Modules/CMakeCXXCompilerABI.cpp
Linking CXX executable cmTryCompileExec2118539627
/usr/bin/cmake -E cmake_link_script CMakeFiles/cmTryCompileExec2118539627.dir/link.txt --verbose=1
/usr/lib/ccache/bin/c++        -v CMakeFiles/cmTryCompileExec2118539627.dir/CMakeCXXCompilerABI.cpp.o  -o cmTryCompileExec2118539627 -rdynamic  
Using built-in specs.
COLLECT_GCC=/usr/x86_64-pc-linux-gnu/gcc-bin/4.7.2/c++
COLLECT_LTO_WRAPPER=/usr/libexec/gcc/x86_64-pc-linux-gnu/4.7.2/lto-wrapper
Target: x86_64-pc-linux-gnu
Configured with: /var/tmp/portage/sys-devel/gcc-4.7.2/work/gcc-4.7.2/configure --prefix=/usr --bindir=/usr/x86_64-pc-linux-gnu/gcc-bin/4.7.2 --includedir=/usr/lib/gcc/x86_64-pc-linux-gnu/4.7.2/include --datadir=/usr/share/gcc-data/x86_64-pc-linux-gnu/4.7.2 --mandir=/usr/share/gcc-data/x86_64-pc-linux-gnu/4.7.2/man --infodir=/usr/share/gcc-data/x86_64-pc-linux-gnu/4.7.2/info --with-gxx-include-dir=/usr/lib/gcc/x86_64-pc-linux-gnu/4.7.2/include/g++-v4 --host=x86_64-pc-linux-gnu --build=x86_64-pc-linux-gnu --disable-altivec --disable-fixed-point --without-ppl --without-cloog --enable-lto --enable-nls --without-included-gettext --with-system-zlib --enable-obsolete --disable-werror --enable-secureplt --enable-multilib --with-multilib-list=m32,m64 --enable-libmudflap --disable-libssp --enable-libgomp --with-python-dir=/share/gcc-data/x86_64-pc-linux-gnu/4.7.2/python --enable-checking=release --disable-libgcj --enable-languages=c,c++,fortran --enable-shared --enable-threads=posix --enable-__cxa_atexit --enable-clocale=gnu --enable-targets=all --with-bugurl=http://bugs.gentoo.org/ --with-pkgversion='Gentoo 4.7.2 p1.3, pie-0.5.5'
Thread model: posix
gcc version 4.7.2 (Gentoo 4.7.2 p1.3, pie-0.5.5) 
COMPILER_PATH=/usr/libexec/gcc/x86_64-pc-linux-gnu/4.7.2/:/usr/libexec/gcc/x86_64-pc-linux-gnu/4.7.2/:/usr/libexec/gcc/x86_64-pc-linux-gnu/:/usr/lib/gcc/x86_64-pc-linux-gnu/4.7.2/:/usr/lib/gcc/x86_64-pc-linux-gnu/:/usr/lib/gcc/x86_64-pc-linux-gnu/4.7.2/../../../../x86_64-pc-linux-gnu/bin/
LIBRARY_PATH=/usr/lib/gcc/x86_64-pc-linux-gnu/4.7.2/:/usr/lib/gcc/x86_64-pc-linux-gnu/4.7.2/../../../../lib64/:/lib/../lib64/:/usr/lib/../lib64/:/usr/lib/gcc/x86_64-pc-linux-gnu/4.7.2/../../../../x86_64-pc-linux-gnu/lib/:/usr/lib/gcc/x86_64-pc-linux-gnu/4.7.2/../../../:/lib/:/usr/lib/
COLLECT_GCC_OPTIONS='-v' '-o' 'cmTryCompileExec2118539627' '-rdynamic' '-shared-libgcc' '-mtune=generic' '-march=x86-64'
 /usr/libexec/gcc/x86_64-pc-linux-gnu/4.7.2/collect2 --eh-frame-hdr -m elf_x86_64 -export-dynamic -dynamic-linker /lib64/ld-linux-x86-64.so.2 -o cmTryCompileExec2118539627 /usr/lib/gcc/x86_64-pc-linux-gnu/4.7.2/../../../../lib64/crt1.o /usr/lib/gcc/x86_64-pc-linux-gnu/4.7.2/../../../../lib64/crti.o /usr/lib/gcc/x86_64-pc-linux-gnu/4.7.2/crtbegin.o -L/usr/lib/gcc/x86_64-pc-linux-gnu/4.7.2 -L/usr/lib/gcc/x86_64-pc-linux-gnu/4.7.2/../../../../lib64 -L/lib/../lib64 -L/usr/lib/../lib64 -L/usr/lib/gcc/x86_64-pc-linux-gnu/4.7.2/../../../../x86_64-pc-linux-gnu/lib -L/usr/lib/gcc/x86_64-pc-linux-gnu/4.7.2/../../.. CMakeFiles/cmTryCompileExec2118539627.dir/CMakeCXXCompilerABI.cpp.o -lstdc++ -lm -lgcc_s -lgcc -lc -lgcc_s -lgcc /usr/lib/gcc/x86_64-pc-linux-gnu/4.7.2/crtend.o /usr/lib/gcc/x86_64-pc-linux-gnu/4.7.2/../../../../lib64/crtn.o
gmake[1]: Leaving directory `/home/dimrok/pers/sg/CMakeFiles/CMakeTmp'


Parsed CXX implicit link information from above output:
  link line regex: [^( *|.*[/\])(ld|ld|collect2)[^/\]*( |$)]
  ignore line: [Change Dir: /home/dimrok/pers/sg/CMakeFiles/CMakeTmp]
  ignore line: []
  ignore line: [Run Build Command:/usr/bin/gmake "cmTryCompileExec2118539627/fast"]
  ignore line: [/usr/bin/gmake -f CMakeFiles/cmTryCompileExec2118539627.dir/build.make CMakeFiles/cmTryCompileExec2118539627.dir/build]
  ignore line: [gmake[1]: Entering directory `/home/dimrok/pers/sg/CMakeFiles/CMakeTmp']
  ignore line: [/usr/bin/cmake -E cmake_progress_report /home/dimrok/pers/sg/CMakeFiles/CMakeTmp/CMakeFiles 1]
  ignore line: [Building CXX object CMakeFiles/cmTryCompileExec2118539627.dir/CMakeCXXCompilerABI.cpp.o]
  ignore line: [/usr/lib/ccache/bin/c++     -o CMakeFiles/cmTryCompileExec2118539627.dir/CMakeCXXCompilerABI.cpp.o -c /usr/share/cmake/Modules/CMakeCXXCompilerABI.cpp]
  ignore line: [Linking CXX executable cmTryCompileExec2118539627]
  ignore line: [/usr/bin/cmake -E cmake_link_script CMakeFiles/cmTryCompileExec2118539627.dir/link.txt --verbose=1]
  ignore line: [/usr/lib/ccache/bin/c++        -v CMakeFiles/cmTryCompileExec2118539627.dir/CMakeCXXCompilerABI.cpp.o  -o cmTryCompileExec2118539627 -rdynamic  ]
  ignore line: [Using built-in specs.]
  ignore line: [COLLECT_GCC=/usr/x86_64-pc-linux-gnu/gcc-bin/4.7.2/c++]
  ignore line: [COLLECT_LTO_WRAPPER=/usr/libexec/gcc/x86_64-pc-linux-gnu/4.7.2/lto-wrapper]
  ignore line: [Target: x86_64-pc-linux-gnu]
  ignore line: [Configured with: /var/tmp/portage/sys-devel/gcc-4.7.2/work/gcc-4.7.2/configure --prefix=/usr --bindir=/usr/x86_64-pc-linux-gnu/gcc-bin/4.7.2 --includedir=/usr/lib/gcc/x86_64-pc-linux-gnu/4.7.2/include --datadir=/usr/share/gcc-data/x86_64-pc-linux-gnu/4.7.2 --mandir=/usr/share/gcc-data/x86_64-pc-linux-gnu/4.7.2/man --infodir=/usr/share/gcc-data/x86_64-pc-linux-gnu/4.7.2/info --with-gxx-include-dir=/usr/lib/gcc/x86_64-pc-linux-gnu/4.7.2/include/g++-v4 --host=x86_64-pc-linux-gnu --build=x86_64-pc-linux-gnu --disable-altivec --disable-fixed-point --without-ppl --without-cloog --enable-lto --enable-nls --without-included-gettext --with-system-zlib --enable-obsolete --disable-werror --enable-secureplt --enable-multilib --with-multilib-list=m32,m64 --enable-libmudflap --disable-libssp --enable-libgomp --with-python-dir=/share/gcc-data/x86_64-pc-linux-gnu/4.7.2/python --enable-checking=release --disable-libgcj --enable-languages=c,c++,fortran --enable-shared --enable-threads=posix --enable-__cxa_atexit --enable-clocale=gnu --enable-targets=all --with-bugurl=http://bugs.gentoo.org/ --with-pkgversion='Gentoo 4.7.2 p1.3, pie-0.5.5']
  ignore line: [Thread model: posix]
  ignore line: [gcc version 4.7.2 (Gentoo 4.7.2 p1.3, pie-0.5.5) ]
  ignore line: [COMPILER_PATH=/usr/libexec/gcc/x86_64-pc-linux-gnu/4.7.2/:/usr/libexec/gcc/x86_64-pc-linux-gnu/4.7.2/:/usr/libexec/gcc/x86_64-pc-linux-gnu/:/usr/lib/gcc/x86_64-pc-linux-gnu/4.7.2/:/usr/lib/gcc/x86_64-pc-linux-gnu/:/usr/lib/gcc/x86_64-pc-linux-gnu/4.7.2/../../../../x86_64-pc-linux-gnu/bin/]
  ignore line: [LIBRARY_PATH=/usr/lib/gcc/x86_64-pc-linux-gnu/4.7.2/:/usr/lib/gcc/x86_64-pc-linux-gnu/4.7.2/../../../../lib64/:/lib/../lib64/:/usr/lib/../lib64/:/usr/lib/gcc/x86_64-pc-linux-gnu/4.7.2/../../../../x86_64-pc-linux-gnu/lib/:/usr/lib/gcc/x86_64-pc-linux-gnu/4.7.2/../../../:/lib/:/usr/lib/]
  ignore line: [COLLECT_GCC_OPTIONS='-v' '-o' 'cmTryCompileExec2118539627' '-rdynamic' '-shared-libgcc' '-mtune=generic' '-march=x86-64']
  link line: [ /usr/libexec/gcc/x86_64-pc-linux-gnu/4.7.2/collect2 --eh-frame-hdr -m elf_x86_64 -export-dynamic -dynamic-linker /lib64/ld-linux-x86-64.so.2 -o cmTryCompileExec2118539627 /usr/lib/gcc/x86_64-pc-linux-gnu/4.7.2/../../../../lib64/crt1.o /usr/lib/gcc/x86_64-pc-linux-gnu/4.7.2/../../../../lib64/crti.o /usr/lib/gcc/x86_64-pc-linux-gnu/4.7.2/crtbegin.o -L/usr/lib/gcc/x86_64-pc-linux-gnu/4.7.2 -L/usr/lib/gcc/x86_64-pc-linux-gnu/4.7.2/../../../../lib64 -L/lib/../lib64 -L/usr/lib/../lib64 -L/usr/lib/gcc/x86_64-pc-linux-gnu/4.7.2/../../../../x86_64-pc-linux-gnu/lib -L/usr/lib/gcc/x86_64-pc-linux-gnu/4.7.2/../../.. CMakeFiles/cmTryCompileExec2118539627.dir/CMakeCXXCompilerABI.cpp.o -lstdc++ -lm -lgcc_s -lgcc -lc -lgcc_s -lgcc /usr/lib/gcc/x86_64-pc-linux-gnu/4.7.2/crtend.o /usr/lib/gcc/x86_64-pc-linux-gnu/4.7.2/../../../../lib64/crtn.o]
    arg [/usr/libexec/gcc/x86_64-pc-linux-gnu/4.7.2/collect2] ==> ignore
    arg [--eh-frame-hdr] ==> ignore
    arg [-m] ==> ignore
    arg [elf_x86_64] ==> ignore
    arg [-export-dynamic] ==> ignore
    arg [-dynamic-linker] ==> ignore
    arg [/lib64/ld-linux-x86-64.so.2] ==> ignore
    arg [-o] ==> ignore
    arg [cmTryCompileExec2118539627] ==> ignore
    arg [/usr/lib/gcc/x86_64-pc-linux-gnu/4.7.2/../../../../lib64/crt1.o] ==> ignore
    arg [/usr/lib/gcc/x86_64-pc-linux-gnu/4.7.2/../../../../lib64/crti.o] ==> ignore
    arg [/usr/lib/gcc/x86_64-pc-linux-gnu/4.7.2/crtbegin.o] ==> ignore
    arg [-L/usr/lib/gcc/x86_64-pc-linux-gnu/4.7.2] ==> dir [/usr/lib/gcc/x86_64-pc-linux-gnu/4.7.2]
    arg [-L/usr/lib/gcc/x86_64-pc-linux-gnu/4.7.2/../../../../lib64] ==> dir [/usr/lib/gcc/x86_64-pc-linux-gnu/4.7.2/../../../../lib64]
    arg [-L/lib/../lib64] ==> dir [/lib/../lib64]
    arg [-L/usr/lib/../lib64] ==> dir [/usr/lib/../lib64]
    arg [-L/usr/lib/gcc/x86_64-pc-linux-gnu/4.7.2/../../../../x86_64-pc-linux-gnu/lib] ==> dir [/usr/lib/gcc/x86_64-pc-linux-gnu/4.7.2/../../../../x86_64-pc-linux-gnu/lib]
    arg [-L/usr/lib/gcc/x86_64-pc-linux-gnu/4.7.2/../../..] ==> dir [/usr/lib/gcc/x86_64-pc-linux-gnu/4.7.2/../../..]
    arg [CMakeFiles/cmTryCompileExec2118539627.dir/CMakeCXXCompilerABI.cpp.o] ==> ignore
    arg [-lstdc++] ==> lib [stdc++]
    arg [-lm] ==> lib [m]
    arg [-lgcc_s] ==> lib [gcc_s]
    arg [-lgcc] ==> lib [gcc]
    arg [-lc] ==> lib [c]
    arg [-lgcc_s] ==> lib [gcc_s]
    arg [-lgcc] ==> lib [gcc]
    arg [/usr/lib/gcc/x86_64-pc-linux-gnu/4.7.2/crtend.o] ==> ignore
    arg [/usr/lib/gcc/x86_64-pc-linux-gnu/4.7.2/../../../../lib64/crtn.o] ==> ignore
  remove lib [gcc_s]
  remove lib [gcc]
  remove lib [gcc_s]
  remove lib [gcc]
  collapse dir [/usr/lib/gcc/x86_64-pc-linux-gnu/4.7.2] ==> [/usr/lib/gcc/x86_64-pc-linux-gnu/4.7.2]
  collapse dir [/usr/lib/gcc/x86_64-pc-linux-gnu/4.7.2/../../../../lib64] ==> [/usr/lib64]
  collapse dir [/lib/../lib64] ==> [/lib64]
  collapse dir [/usr/lib/../lib64] ==> [/usr/lib64]
  collapse dir [/usr/lib/gcc/x86_64-pc-linux-gnu/4.7.2/../../../../x86_64-pc-linux-gnu/lib] ==> [/usr/x86_64-pc-linux-gnu/lib]
  collapse dir [/usr/lib/gcc/x86_64-pc-linux-gnu/4.7.2/../../..] ==> [/usr/lib]
  implicit libs: [stdc++;m;c]
  implicit dirs: [/usr/lib/gcc/x86_64-pc-linux-gnu/4.7.2;/usr/lib64;/lib64;/usr/x86_64-pc-linux-gnu/lib;/usr/lib]


Determining if the function XOpenDisplay exists in the /usr/lib64/libX11.so;/usr/lib64/libXext.so passed with the following output:
Change Dir: /home/dimrok/pers/sg/CMakeFiles/CMakeTmp

Run Build Command:/usr/bin/gmake "cmTryCompileExec1367144942/fast"
gmake[1]: Entering directory `/home/dimrok/pers/sg/CMakeFiles/CMakeTmp'
/usr/bin/gmake -f CMakeFiles/cmTryCompileExec1367144942.dir/build.make CMakeFiles/cmTryCompileExec1367144942.dir/build
gmake[2]: Entering directory `/home/dimrok/pers/sg/CMakeFiles/CMakeTmp'
/usr/bin/cmake -E cmake_progress_report /home/dimrok/pers/sg/CMakeFiles/CMakeTmp/CMakeFiles 1
Building C object CMakeFiles/cmTryCompileExec1367144942.dir/CheckFunctionExists.c.o
/usr/lib/ccache/bin/gcc   -DCHECK_FUNCTION_EXISTS=XOpenDisplay   -o CMakeFiles/cmTryCompileExec1367144942.dir/CheckFunctionExists.c.o   -c /usr/share/cmake/Modules/CheckFunctionExists.c
Linking C executable cmTryCompileExec1367144942
/usr/bin/cmake -E cmake_link_script CMakeFiles/cmTryCompileExec1367144942.dir/link.txt --verbose=1
/usr/lib/ccache/bin/gcc     -DCHECK_FUNCTION_EXISTS=XOpenDisplay    CMakeFiles/cmTryCompileExec1367144942.dir/CheckFunctionExists.c.o  -o cmTryCompileExec1367144942 -rdynamic -lX11 -lXext 
gmake[2]: Leaving directory `/home/dimrok/pers/sg/CMakeFiles/CMakeTmp'
gmake[1]: Leaving directory `/home/dimrok/pers/sg/CMakeFiles/CMakeTmp'


Determining if the function gethostbyname exists passed with the following output:
Change Dir: /home/dimrok/pers/sg/CMakeFiles/CMakeTmp

Run Build Command:/usr/bin/gmake "cmTryCompileExec3040545840/fast"
gmake[1]: Entering directory `/home/dimrok/pers/sg/CMakeFiles/CMakeTmp'
/usr/bin/gmake -f CMakeFiles/cmTryCompileExec3040545840.dir/build.make CMakeFiles/cmTryCompileExec3040545840.dir/build
gmake[2]: Entering directory `/home/dimrok/pers/sg/CMakeFiles/CMakeTmp'
/usr/bin/cmake -E cmake_progress_report /home/dimrok/pers/sg/CMakeFiles/CMakeTmp/CMakeFiles 1
Building C object CMakeFiles/cmTryCompileExec3040545840.dir/CheckFunctionExists.c.o
/usr/lib/ccache/bin/gcc   -DCHECK_FUNCTION_EXISTS=gethostbyname   -o CMakeFiles/cmTryCompileExec3040545840.dir/CheckFunctionExists.c.o   -c /usr/share/cmake/Modules/CheckFunctionExists.c
Linking C executable cmTryCompileExec3040545840
/usr/bin/cmake -E cmake_link_script CMakeFiles/cmTryCompileExec3040545840.dir/link.txt --verbose=1
/usr/lib/ccache/bin/gcc     -DCHECK_FUNCTION_EXISTS=gethostbyname    CMakeFiles/cmTryCompileExec3040545840.dir/CheckFunctionExists.c.o  -o cmTryCompileExec3040545840 -rdynamic 
gmake[2]: Leaving directory `/home/dimrok/pers/sg/CMakeFiles/CMakeTmp'
gmake[1]: Leaving directory `/home/dimrok/pers/sg/CMakeFiles/CMakeTmp'


Determining if the function connect exists passed with the following output:
Change Dir: /home/dimrok/pers/sg/CMakeFiles/CMakeTmp

Run Build Command:/usr/bin/gmake "cmTryCompileExec3438183239/fast"
gmake[1]: Entering directory `/home/dimrok/pers/sg/CMakeFiles/CMakeTmp'
/usr/bin/gmake -f CMakeFiles/cmTryCompileExec3438183239.dir/build.make CMakeFiles/cmTryCompileExec3438183239.dir/build
gmake[2]: Entering directory `/home/dimrok/pers/sg/CMakeFiles/CMakeTmp'
/usr/bin/cmake -E cmake_progress_report /home/dimrok/pers/sg/CMakeFiles/CMakeTmp/CMakeFiles 1
Building C object CMakeFiles/cmTryCompileExec3438183239.dir/CheckFunctionExists.c.o
/usr/lib/ccache/bin/gcc   -DCHECK_FUNCTION_EXISTS=connect   -o CMakeFiles/cmTryCompileExec3438183239.dir/CheckFunctionExists.c.o   -c /usr/share/cmake/Modules/CheckFunctionExists.c
Linking C executable cmTryCompileExec3438183239
/usr/bin/cmake -E cmake_link_script CMakeFiles/cmTryCompileExec3438183239.dir/link.txt --verbose=1
/usr/lib/ccache/bin/gcc     -DCHECK_FUNCTION_EXISTS=connect    CMakeFiles/cmTryCompileExec3438183239.dir/CheckFunctionExists.c.o  -o cmTryCompileExec3438183239 -rdynamic 
gmake[2]: Leaving directory `/home/dimrok/pers/sg/CMakeFiles/CMakeTmp'
gmake[1]: Leaving directory `/home/dimrok/pers/sg/CMakeFiles/CMakeTmp'


Determining if the function remove exists passed with the following output:
Change Dir: /home/dimrok/pers/sg/CMakeFiles/CMakeTmp

Run Build Command:/usr/bin/gmake "cmTryCompileExec2707989041/fast"
gmake[1]: Entering directory `/home/dimrok/pers/sg/CMakeFiles/CMakeTmp'
/usr/bin/gmake -f CMakeFiles/cmTryCompileExec2707989041.dir/build.make CMakeFiles/cmTryCompileExec2707989041.dir/build
gmake[2]: Entering directory `/home/dimrok/pers/sg/CMakeFiles/CMakeTmp'
/usr/bin/cmake -E cmake_progress_report /home/dimrok/pers/sg/CMakeFiles/CMakeTmp/CMakeFiles 1
Building C object CMakeFiles/cmTryCompileExec2707989041.dir/CheckFunctionExists.c.o
/usr/lib/ccache/bin/gcc   -DCHECK_FUNCTION_EXISTS=remove   -o CMakeFiles/cmTryCompileExec2707989041.dir/CheckFunctionExists.c.o   -c /usr/share/cmake/Modules/CheckFunctionExists.c
Linking C executable cmTryCompileExec2707989041
/usr/bin/cmake -E cmake_link_script CMakeFiles/cmTryCompileExec2707989041.dir/link.txt --verbose=1
/usr/lib/ccache/bin/gcc     -DCHECK_FUNCTION_EXISTS=remove    CMakeFiles/cmTryCompileExec2707989041.dir/CheckFunctionExists.c.o  -o cmTryCompileExec2707989041 -rdynamic 
gmake[2]: Leaving directory `/home/dimrok/pers/sg/CMakeFiles/CMakeTmp'
gmake[1]: Leaving directory `/home/dimrok/pers/sg/CMakeFiles/CMakeTmp'


Determining if the function shmat exists passed with the following output:
Change Dir: /home/dimrok/pers/sg/CMakeFiles/CMakeTmp

Run Build Command:/usr/bin/gmake "cmTryCompileExec2966006823/fast"
gmake[1]: Entering directory `/home/dimrok/pers/sg/CMakeFiles/CMakeTmp'
/usr/bin/gmake -f CMakeFiles/cmTryCompileExec2966006823.dir/build.make CMakeFiles/cmTryCompileExec2966006823.dir/build
gmake[2]: Entering directory `/home/dimrok/pers/sg/CMakeFiles/CMakeTmp'
/usr/bin/cmake -E cmake_progress_report /home/dimrok/pers/sg/CMakeFiles/CMakeTmp/CMakeFiles 1
Building C object CMakeFiles/cmTryCompileExec2966006823.dir/CheckFunctionExists.c.o
/usr/lib/ccache/bin/gcc   -DCHECK_FUNCTION_EXISTS=shmat   -o CMakeFiles/cmTryCompileExec2966006823.dir/CheckFunctionExists.c.o   -c /usr/share/cmake/Modules/CheckFunctionExists.c
Linking C executable cmTryCompileExec2966006823
/usr/bin/cmake -E cmake_link_script CMakeFiles/cmTryCompileExec2966006823.dir/link.txt --verbose=1
/usr/lib/ccache/bin/gcc     -DCHECK_FUNCTION_EXISTS=shmat    CMakeFiles/cmTryCompileExec2966006823.dir/CheckFunctionExists.c.o  -o cmTryCompileExec2966006823 -rdynamic 
gmake[2]: Leaving directory `/home/dimrok/pers/sg/CMakeFiles/CMakeTmp'
gmake[1]: Leaving directory `/home/dimrok/pers/sg/CMakeFiles/CMakeTmp'


Determining if the function IceConnectionNumber exists in the ICE passed with the following output:
Change Dir: /home/dimrok/pers/sg/CMakeFiles/CMakeTmp

Run Build Command:/usr/bin/gmake "cmTryCompileExec765105514/fast"
gmake[1]: Entering directory `/home/dimrok/pers/sg/CMakeFiles/CMakeTmp'
/usr/bin/gmake -f CMakeFiles/cmTryCompileExec765105514.dir/build.make CMakeFiles/cmTryCompileExec765105514.dir/build
gmake[2]: Entering directory `/home/dimrok/pers/sg/CMakeFiles/CMakeTmp'
/usr/bin/cmake -E cmake_progress_report /home/dimrok/pers/sg/CMakeFiles/CMakeTmp/CMakeFiles 1
Building C object CMakeFiles/cmTryCompileExec765105514.dir/CheckFunctionExists.c.o
/usr/lib/ccache/bin/gcc   -DCHECK_FUNCTION_EXISTS=IceConnectionNumber   -o CMakeFiles/cmTryCompileExec765105514.dir/CheckFunctionExists.c.o   -c /usr/share/cmake/Modules/CheckFunctionExists.c
Linking C executable cmTryCompileExec765105514
/usr/bin/cmake -E cmake_link_script CMakeFiles/cmTryCompileExec765105514.dir/link.txt --verbose=1
/usr/lib/ccache/bin/gcc     -DCHECK_FUNCTION_EXISTS=IceConnectionNumber    CMakeFiles/cmTryCompileExec765105514.dir/CheckFunctionExists.c.o  -o cmTryCompileExec765105514 -rdynamic -lICE 
gmake[2]: Leaving directory `/home/dimrok/pers/sg/CMakeFiles/CMakeTmp'
gmake[1]: Leaving directory `/home/dimrok/pers/sg/CMakeFiles/CMakeTmp'


